{"level":"info","message":{"_id":"63710e793875cb62418dd988","createdAt":"2022-11-13T15:34:17.887Z","updatedAt":"2022-11-13T15:34:17.887Z","user_id":"636b5a2c935cf84b001e14ec"},"service":"project-service"}
{"level":"info","message":{"_id":"63710ef8ca74613c8c433c09","createdAt":"2022-11-13T15:36:24.290Z","name":"Testing Project 5","updatedAt":"2022-11-13T15:36:24.290Z","user_id":"636b5a2c935cf84b001e14ec"},"service":"project-service"}
{"level":"info","message":{"_id":"63710efcca74613c8c433c0b","createdAt":"2022-11-13T15:36:28.158Z","name":"Testing Project 5","updatedAt":"2022-11-13T15:36:28.158Z","user_id":"636b5a2c935cf84b001e14ec"},"service":"project-service"}
{"level":"info","message":{"_id":"637110603cf44f51404c8ba3","createdAt":"2022-11-13T15:42:24.770Z","name":"Testing Project 6","updatedAt":"2022-11-13T15:42:24.770Z","user_id":"636b5a2c935cf84b001e14ec"},"service":"project-service"}
{"level":"info","message":{"_id":"6371106d039c18441c4ef475","createdAt":"2022-11-13T15:42:37.763Z","name":"Testing Project 7","updatedAt":"2022-11-13T15:42:37.763Z","user_id":"636b5a2c935cf84b001e14ec"},"service":"project-service"}
{"level":"info","message":{"_id":"637126af2b575aec32413d1e","createdAt":"2022-11-13T17:17:35.544Z","name":"1Deneme","updatedAt":"2022-11-13T17:17:35.544Z","user_id":"636b5a2c935cf84b001e14ec"},"service":"project-service"}
{"level":"info","message":{"_id":"637126bb2b575aec32413d20","createdAt":"2022-11-13T17:17:47.912Z","name":"12Deneme","updatedAt":"2022-11-13T17:17:47.912Z","user_id":"636b5a2c935cf84b001e14ec"},"service":"project-service"}
{"level":"info","message":{"_id":"637126c92b575aec32413d22","createdAt":"2022-11-13T17:18:01.856Z","name":"12Deneme","updatedAt":"2022-11-13T17:18:01.856Z","user_id":"636b5a2c935cf84b001e14ec"},"service":"project-service"}
{"level":"info","message":{"_id":"637126dd2b575aec32413d25","createdAt":"2022-11-13T17:18:21.782Z","name":"12Deneme","updatedAt":"2022-11-13T17:18:21.782Z","user_id":"636b5a2c935cf84b001e14ec"},"service":"project-service"}
{"level":"info","message":{"_id":"637127a7704209649e99d178","createdAt":"2022-11-13T17:21:43.262Z","name":"12Deneme","updatedAt":"2022-11-13T17:21:43.262Z","user_id":"636b5a2c935cf84b001e14ec"},"service":"project-service"}
{"level":"info","message":{"_id":"63712803704209649e99d17a","createdAt":"2022-11-13T17:23:15.246Z","name":"332Deneme","updatedAt":"2022-11-13T17:23:15.246Z","user_id":"636b5a2c935cf84b001e14ec"},"service":"project-service"}
{"level":"info","message":{"_id":"6371280b704209649e99d17c","createdAt":"2022-11-13T17:23:23.140Z","name":"3312Deneme","updatedAt":"2022-11-13T17:23:23.140Z","user_id":"636b5a2c935cf84b001e14ec"},"service":"project-service"}
{"level":"info","message":{"_id":"637255def114a226dca7440b","createdAt":"2022-11-14T14:51:10.828Z","name":"1Deneme","updatedAt":"2022-11-14T14:51:10.828Z","user_id":"636b5a2c935cf84b001e14ec"},"service":"project-service"}
{"level":"info","message":{"_id":"637255f5f114a226dca74410","createdAt":"2022-11-14T14:51:33.063Z","name":"1Deneme","updatedAt":"2022-11-14T14:51:33.063Z","user_id":"636b5a2c935cf84b001e14ec"},"service":"project-service"}
{"level":"info","message":{"_id":"6372561df114a226dca74412","createdAt":"2022-11-14T14:52:13.140Z","name":"15Deneme","updatedAt":"2022-11-14T14:52:13.140Z","user_id":"636b5a2c935cf84b001e14ec"},"service":"project-service"}
{"level":"info","message":{"_id":"63725648f114a226dca7441a","createdAt":"2022-11-14T14:52:56.992Z","name":"ozan11","updatedAt":"2022-11-14T14:52:56.992Z","user_id":"636b5a2c935cf84b001e14ec"},"service":"project-service"}
{"level":"info","message":{"_id":"637359b2be3979f41dd3026d","createdAt":"2022-11-15T09:19:46.801Z","name":"Testing Project 5","updatedAt":"2022-11-15T09:19:46.801Z","user_id":"636b5a2c935cf84b001e14ec"},"service":"project-service"}
{"level":"info","message":{"_id":"63735a6d031363b7ae26bfd5","createdAt":"2022-11-15T09:22:53.814Z","name":"Testing Project 5","updatedAt":"2022-11-15T09:22:53.814Z","user_id":"636b5a2c935cf84b001e14ec"},"service":"project-service"}
{"level":"info","message":{"_id":"63735a99031363b7ae26bfd7","createdAt":"2022-11-15T09:23:37.340Z","name":"ozan12","updatedAt":"2022-11-15T09:23:37.340Z","user_id":"636b5a2c935cf84b001e14ec"},"service":"project-service"}
{"level":"info","message":{"_id":"63735acc1ffc3fc07137d973","createdAt":"2022-11-15T09:24:28.994Z","name":"ozan44","updatedAt":"2022-11-15T09:24:28.994Z","user_id":"636b5a2c935cf84b001e14ec"},"service":"project-service"}
{"level":"info","message":{"_id":"63735b181ffc3fc07137d977","createdAt":"2022-11-15T09:25:44.154Z","name":"Testing Section 1","updatedAt":"2022-11-15T09:25:44.154Z","user_id":"636b5a2c935cf84b001e14ec"},"service":"project-service"}
{"level":"info","message":{"_id":"63735b8f38ada197fdd282ef","createdAt":"2022-11-15T09:27:43.095Z","name":"Testing Section 1","updatedAt":"2022-11-15T09:27:43.095Z","user_id":"636b5a2c935cf84b001e14ec"},"service":"project-service"}
{"level":"info","message":{"_id":"63735c71152b4514a99ce755","createdAt":"2022-11-15T09:31:29.581Z","name":"Testing Section 2","updatedAt":"2022-11-15T09:31:29.581Z","user_id":"636b5a2c935cf84b001e14ec"},"service":"project-service"}
{"level":"info","message":{"_id":"63735d2936c80ce1816c2e15","createdAt":"2022-11-15T09:34:33.265Z","name":"Testing Section 1","updatedAt":"2022-11-15T09:34:33.265Z","user_id":"636b5a2c935cf84b001e14ec"},"service":"project-service"}
{"level":"info","message":{"_id":"63735da59c6e4b49e8886966","createdAt":"2022-11-15T09:36:37.817Z","name":"Testing Section 1","updatedAt":"2022-11-15T09:36:37.817Z","user_id":"636b5a2c935cf84b001e14ec"},"service":"project-service"}
{"level":"info","message":{"_id":"63735daa9c6e4b49e8886968","createdAt":"2022-11-15T09:36:42.520Z","name":"Testing Section 2","updatedAt":"2022-11-15T09:36:42.520Z","user_id":"636b5a2c935cf84b001e14ec"},"service":"project-service"}
{"level":"info","message":{"_id":"63735e8e5df2656f48446e37","createdAt":"2022-11-15T09:40:30.569Z","name":"Testing Section 2","updatedAt":"2022-11-15T09:40:30.569Z","user_id":"636b5a2c935cf84b001e14ec"},"service":"project-service"}
{"level":"info","message":{"_id":"63735f228df8c5fb7395b5fe","createdAt":"2022-11-15T09:42:58.903Z","name":"Testing Section 2","updatedAt":"2022-11-15T09:42:58.903Z","user_id":"636b5a2c935cf84b001e14ec"},"service":"project-service"}
{"level":"info","message":{"_id":"63735f497925aca25612ea7e","createdAt":"2022-11-15T09:43:37.568Z","name":"Testing Section 1","project_id":"63710e793875cb62418dd988","updatedAt":"2022-11-15T09:43:37.568Z","user_id":"636b5a2c935cf84b001e14ec"},"service":"project-service"}
{"level":"info","message":{"_id":"6373640859589a5876c3a809","createdAt":"2022-11-15T10:03:52.801Z","name":"Testing Section 2","project_id":"63710e793875cb62418dd988","updatedAt":"2022-11-15T10:03:52.801Z","user_id":"636b5a2c935cf84b001e14ec"},"service":"project-service"}
{"level":"info","message":{"_id":"637364fff32a5d66e8793d1d","createdAt":"2022-11-15T10:07:59.247Z","name":"Testing Section 3","project_id":"63710e793875cb62418dd988","updatedAt":"2022-11-15T10:07:59.247Z","user_id":"636b5a2c935cf84b001e14ec"},"service":"project-service"}
{"level":"info","message":{"_id":"63736a62b892ee3af1868af9","createdAt":"2022-11-15T10:30:58.321Z","name":"ERP Customer 1","updatedAt":"2022-11-15T10:30:58.321Z","user_id":"636b5a2c935cf84b001e14ec"},"service":"project-service"}
{"level":"info","message":{"_id":"63736a6db892ee3af1868afb","createdAt":"2022-11-15T10:31:09.028Z","name":"ERP Customer 2","updatedAt":"2022-11-15T10:31:09.028Z","user_id":"636b5a2c935cf84b001e14ec"},"service":"project-service"}
{"level":"info","message":{"_id":"6376062e5d51c7756086bfd2","createdAt":"2022-11-17T10:00:14.662Z","name":"ERP Customer 5","updatedAt":"2022-11-17T10:00:14.662Z","user_id":"637255e9f114a226dca7440d"},"service":"project-service"}
{"level":"info","message":{"_id":"63760ce513240503a445200c","createdAt":"2022-11-17T10:28:53.356Z","name":"ERP Customer vay be","updatedAt":"2022-11-17T10:28:53.356Z","user_id":"637255e9f114a226dca7440d"},"service":"project-service"}
